                                      1 ;--------------------------------------------------------
                                      2 ; File Created by SDCC : free open source ISO C Compiler
                                      3 ; Version 4.5.0 #15242 (MINGW64)
                                      4 ;--------------------------------------------------------
                                      5 	.module terminal
                                      6 	
                                      7 	.optsdcc -mmcs51 --model-large
                                      8 ;--------------------------------------------------------
                                      9 ; Public variables in this module
                                     10 ;--------------------------------------------------------
                                     11 	.globl _Terminal_Timer
                                     12 	.globl _timer0_reset
                                     13 	.globl _timer0_resume
                                     14 	.globl _timer0_pause
                                     15 	.globl _getandputchar
                                     16 	.globl _getchar
                                     17 	.globl _putchar
                                     18 	.globl _printf_tiny
                                     19 	.globl _P5_7
                                     20 	.globl _P5_6
                                     21 	.globl _P5_5
                                     22 	.globl _P5_4
                                     23 	.globl _P5_3
                                     24 	.globl _P5_2
                                     25 	.globl _P5_1
                                     26 	.globl _P5_0
                                     27 	.globl _P4_7
                                     28 	.globl _P4_6
                                     29 	.globl _P4_5
                                     30 	.globl _P4_4
                                     31 	.globl _P4_3
                                     32 	.globl _P4_2
                                     33 	.globl _P4_1
                                     34 	.globl _P4_0
                                     35 	.globl _PX0L
                                     36 	.globl _PT0L
                                     37 	.globl _PX1L
                                     38 	.globl _PT1L
                                     39 	.globl _PSL
                                     40 	.globl _PT2L
                                     41 	.globl _PPCL
                                     42 	.globl _EC
                                     43 	.globl _CCF0
                                     44 	.globl _CCF1
                                     45 	.globl _CCF2
                                     46 	.globl _CCF3
                                     47 	.globl _CCF4
                                     48 	.globl _CR
                                     49 	.globl _CF
                                     50 	.globl _TF2
                                     51 	.globl _EXF2
                                     52 	.globl _RCLK
                                     53 	.globl _TCLK
                                     54 	.globl _EXEN2
                                     55 	.globl _TR2
                                     56 	.globl _C_T2
                                     57 	.globl _CP_RL2
                                     58 	.globl _T2CON_7
                                     59 	.globl _T2CON_6
                                     60 	.globl _T2CON_5
                                     61 	.globl _T2CON_4
                                     62 	.globl _T2CON_3
                                     63 	.globl _T2CON_2
                                     64 	.globl _T2CON_1
                                     65 	.globl _T2CON_0
                                     66 	.globl _PT2
                                     67 	.globl _ET2
                                     68 	.globl _CY
                                     69 	.globl _AC
                                     70 	.globl _F0
                                     71 	.globl _RS1
                                     72 	.globl _RS0
                                     73 	.globl _OV
                                     74 	.globl _F1
                                     75 	.globl _P
                                     76 	.globl _PS
                                     77 	.globl _PT1
                                     78 	.globl _PX1
                                     79 	.globl _PT0
                                     80 	.globl _PX0
                                     81 	.globl _RD
                                     82 	.globl _WR
                                     83 	.globl _T1
                                     84 	.globl _T0
                                     85 	.globl _INT1
                                     86 	.globl _INT0
                                     87 	.globl _TXD
                                     88 	.globl _RXD
                                     89 	.globl _P3_7
                                     90 	.globl _P3_6
                                     91 	.globl _P3_5
                                     92 	.globl _P3_4
                                     93 	.globl _P3_3
                                     94 	.globl _P3_2
                                     95 	.globl _P3_1
                                     96 	.globl _P3_0
                                     97 	.globl _EA
                                     98 	.globl _ES
                                     99 	.globl _ET1
                                    100 	.globl _EX1
                                    101 	.globl _ET0
                                    102 	.globl _EX0
                                    103 	.globl _P2_7
                                    104 	.globl _P2_6
                                    105 	.globl _P2_5
                                    106 	.globl _P2_4
                                    107 	.globl _P2_3
                                    108 	.globl _P2_2
                                    109 	.globl _P2_1
                                    110 	.globl _P2_0
                                    111 	.globl _SM0
                                    112 	.globl _SM1
                                    113 	.globl _SM2
                                    114 	.globl _REN
                                    115 	.globl _TB8
                                    116 	.globl _RB8
                                    117 	.globl _TI
                                    118 	.globl _RI
                                    119 	.globl _P1_7
                                    120 	.globl _P1_6
                                    121 	.globl _P1_5
                                    122 	.globl _P1_4
                                    123 	.globl _P1_3
                                    124 	.globl _P1_2
                                    125 	.globl _P1_1
                                    126 	.globl _P1_0
                                    127 	.globl _TF1
                                    128 	.globl _TR1
                                    129 	.globl _TF0
                                    130 	.globl _TR0
                                    131 	.globl _IE1
                                    132 	.globl _IT1
                                    133 	.globl _IE0
                                    134 	.globl _IT0
                                    135 	.globl _P0_7
                                    136 	.globl _P0_6
                                    137 	.globl _P0_5
                                    138 	.globl _P0_4
                                    139 	.globl _P0_3
                                    140 	.globl _P0_2
                                    141 	.globl _P0_1
                                    142 	.globl _P0_0
                                    143 	.globl _EECON
                                    144 	.globl _KBF
                                    145 	.globl _KBE
                                    146 	.globl _KBLS
                                    147 	.globl _BRL
                                    148 	.globl _BDRCON
                                    149 	.globl _T2MOD
                                    150 	.globl _SPDAT
                                    151 	.globl _SPSTA
                                    152 	.globl _SPCON
                                    153 	.globl _SADEN
                                    154 	.globl _SADDR
                                    155 	.globl _WDTPRG
                                    156 	.globl _WDTRST
                                    157 	.globl _P5
                                    158 	.globl _P4
                                    159 	.globl _IPH1
                                    160 	.globl _IPL1
                                    161 	.globl _IPH0
                                    162 	.globl _IPL0
                                    163 	.globl _IEN1
                                    164 	.globl _IEN0
                                    165 	.globl _CMOD
                                    166 	.globl _CL
                                    167 	.globl _CH
                                    168 	.globl _CCON
                                    169 	.globl _CCAPM4
                                    170 	.globl _CCAPM3
                                    171 	.globl _CCAPM2
                                    172 	.globl _CCAPM1
                                    173 	.globl _CCAPM0
                                    174 	.globl _CCAP4L
                                    175 	.globl _CCAP3L
                                    176 	.globl _CCAP2L
                                    177 	.globl _CCAP1L
                                    178 	.globl _CCAP0L
                                    179 	.globl _CCAP4H
                                    180 	.globl _CCAP3H
                                    181 	.globl _CCAP2H
                                    182 	.globl _CCAP1H
                                    183 	.globl _CCAP0H
                                    184 	.globl _CKCON1
                                    185 	.globl _CKCON0
                                    186 	.globl _CKRL
                                    187 	.globl _AUXR1
                                    188 	.globl _AUXR
                                    189 	.globl _TH2
                                    190 	.globl _TL2
                                    191 	.globl _RCAP2H
                                    192 	.globl _RCAP2L
                                    193 	.globl _T2CON
                                    194 	.globl _B
                                    195 	.globl _ACC
                                    196 	.globl _PSW
                                    197 	.globl _IP
                                    198 	.globl _P3
                                    199 	.globl _IE
                                    200 	.globl _P2
                                    201 	.globl _SBUF
                                    202 	.globl _SCON
                                    203 	.globl _P1
                                    204 	.globl _TH1
                                    205 	.globl _TH0
                                    206 	.globl _TL1
                                    207 	.globl _TL0
                                    208 	.globl _TMOD
                                    209 	.globl _TCON
                                    210 	.globl _PCON
                                    211 	.globl _DPH
                                    212 	.globl _DPL
                                    213 	.globl _SP
                                    214 	.globl _P0
                                    215 	.globl _getInputString_PARM_3
                                    216 	.globl _getInputString_PARM_2
                                    217 	.globl _getInputOfSize_PARM_2
                                    218 	.globl _Terminal_run
                                    219 	.globl _Terminal_Help
                                    220 	.globl _getInputOfSize
                                    221 	.globl _getInputString
                                    222 	.globl _getandputcharUpdate
                                    223 ;--------------------------------------------------------
                                    224 ; special function registers
                                    225 ;--------------------------------------------------------
                                    226 	.area RSEG    (ABS,DATA)
      000000                        227 	.org 0x0000
                           000080   228 _P0	=	0x0080
                           000081   229 _SP	=	0x0081
                           000082   230 _DPL	=	0x0082
                           000083   231 _DPH	=	0x0083
                           000087   232 _PCON	=	0x0087
                           000088   233 _TCON	=	0x0088
                           000089   234 _TMOD	=	0x0089
                           00008A   235 _TL0	=	0x008a
                           00008B   236 _TL1	=	0x008b
                           00008C   237 _TH0	=	0x008c
                           00008D   238 _TH1	=	0x008d
                           000090   239 _P1	=	0x0090
                           000098   240 _SCON	=	0x0098
                           000099   241 _SBUF	=	0x0099
                           0000A0   242 _P2	=	0x00a0
                           0000A8   243 _IE	=	0x00a8
                           0000B0   244 _P3	=	0x00b0
                           0000B8   245 _IP	=	0x00b8
                           0000D0   246 _PSW	=	0x00d0
                           0000E0   247 _ACC	=	0x00e0
                           0000F0   248 _B	=	0x00f0
                           0000C8   249 _T2CON	=	0x00c8
                           0000CA   250 _RCAP2L	=	0x00ca
                           0000CB   251 _RCAP2H	=	0x00cb
                           0000CC   252 _TL2	=	0x00cc
                           0000CD   253 _TH2	=	0x00cd
                           00008E   254 _AUXR	=	0x008e
                           0000A2   255 _AUXR1	=	0x00a2
                           000097   256 _CKRL	=	0x0097
                           00008F   257 _CKCON0	=	0x008f
                           0000AF   258 _CKCON1	=	0x00af
                           0000FA   259 _CCAP0H	=	0x00fa
                           0000FB   260 _CCAP1H	=	0x00fb
                           0000FC   261 _CCAP2H	=	0x00fc
                           0000FD   262 _CCAP3H	=	0x00fd
                           0000FE   263 _CCAP4H	=	0x00fe
                           0000EA   264 _CCAP0L	=	0x00ea
                           0000EB   265 _CCAP1L	=	0x00eb
                           0000EC   266 _CCAP2L	=	0x00ec
                           0000ED   267 _CCAP3L	=	0x00ed
                           0000EE   268 _CCAP4L	=	0x00ee
                           0000DA   269 _CCAPM0	=	0x00da
                           0000DB   270 _CCAPM1	=	0x00db
                           0000DC   271 _CCAPM2	=	0x00dc
                           0000DD   272 _CCAPM3	=	0x00dd
                           0000DE   273 _CCAPM4	=	0x00de
                           0000D8   274 _CCON	=	0x00d8
                           0000F9   275 _CH	=	0x00f9
                           0000E9   276 _CL	=	0x00e9
                           0000D9   277 _CMOD	=	0x00d9
                           0000A8   278 _IEN0	=	0x00a8
                           0000B1   279 _IEN1	=	0x00b1
                           0000B8   280 _IPL0	=	0x00b8
                           0000B7   281 _IPH0	=	0x00b7
                           0000B2   282 _IPL1	=	0x00b2
                           0000B3   283 _IPH1	=	0x00b3
                           0000C0   284 _P4	=	0x00c0
                           0000E8   285 _P5	=	0x00e8
                           0000A6   286 _WDTRST	=	0x00a6
                           0000A7   287 _WDTPRG	=	0x00a7
                           0000A9   288 _SADDR	=	0x00a9
                           0000B9   289 _SADEN	=	0x00b9
                           0000C3   290 _SPCON	=	0x00c3
                           0000C4   291 _SPSTA	=	0x00c4
                           0000C5   292 _SPDAT	=	0x00c5
                           0000C9   293 _T2MOD	=	0x00c9
                           00009B   294 _BDRCON	=	0x009b
                           00009A   295 _BRL	=	0x009a
                           00009C   296 _KBLS	=	0x009c
                           00009D   297 _KBE	=	0x009d
                           00009E   298 _KBF	=	0x009e
                           0000D2   299 _EECON	=	0x00d2
                                    300 ;--------------------------------------------------------
                                    301 ; special function bits
                                    302 ;--------------------------------------------------------
                                    303 	.area RSEG    (ABS,DATA)
      000000                        304 	.org 0x0000
                           000080   305 _P0_0	=	0x0080
                           000081   306 _P0_1	=	0x0081
                           000082   307 _P0_2	=	0x0082
                           000083   308 _P0_3	=	0x0083
                           000084   309 _P0_4	=	0x0084
                           000085   310 _P0_5	=	0x0085
                           000086   311 _P0_6	=	0x0086
                           000087   312 _P0_7	=	0x0087
                           000088   313 _IT0	=	0x0088
                           000089   314 _IE0	=	0x0089
                           00008A   315 _IT1	=	0x008a
                           00008B   316 _IE1	=	0x008b
                           00008C   317 _TR0	=	0x008c
                           00008D   318 _TF0	=	0x008d
                           00008E   319 _TR1	=	0x008e
                           00008F   320 _TF1	=	0x008f
                           000090   321 _P1_0	=	0x0090
                           000091   322 _P1_1	=	0x0091
                           000092   323 _P1_2	=	0x0092
                           000093   324 _P1_3	=	0x0093
                           000094   325 _P1_4	=	0x0094
                           000095   326 _P1_5	=	0x0095
                           000096   327 _P1_6	=	0x0096
                           000097   328 _P1_7	=	0x0097
                           000098   329 _RI	=	0x0098
                           000099   330 _TI	=	0x0099
                           00009A   331 _RB8	=	0x009a
                           00009B   332 _TB8	=	0x009b
                           00009C   333 _REN	=	0x009c
                           00009D   334 _SM2	=	0x009d
                           00009E   335 _SM1	=	0x009e
                           00009F   336 _SM0	=	0x009f
                           0000A0   337 _P2_0	=	0x00a0
                           0000A1   338 _P2_1	=	0x00a1
                           0000A2   339 _P2_2	=	0x00a2
                           0000A3   340 _P2_3	=	0x00a3
                           0000A4   341 _P2_4	=	0x00a4
                           0000A5   342 _P2_5	=	0x00a5
                           0000A6   343 _P2_6	=	0x00a6
                           0000A7   344 _P2_7	=	0x00a7
                           0000A8   345 _EX0	=	0x00a8
                           0000A9   346 _ET0	=	0x00a9
                           0000AA   347 _EX1	=	0x00aa
                           0000AB   348 _ET1	=	0x00ab
                           0000AC   349 _ES	=	0x00ac
                           0000AF   350 _EA	=	0x00af
                           0000B0   351 _P3_0	=	0x00b0
                           0000B1   352 _P3_1	=	0x00b1
                           0000B2   353 _P3_2	=	0x00b2
                           0000B3   354 _P3_3	=	0x00b3
                           0000B4   355 _P3_4	=	0x00b4
                           0000B5   356 _P3_5	=	0x00b5
                           0000B6   357 _P3_6	=	0x00b6
                           0000B7   358 _P3_7	=	0x00b7
                           0000B0   359 _RXD	=	0x00b0
                           0000B1   360 _TXD	=	0x00b1
                           0000B2   361 _INT0	=	0x00b2
                           0000B3   362 _INT1	=	0x00b3
                           0000B4   363 _T0	=	0x00b4
                           0000B5   364 _T1	=	0x00b5
                           0000B6   365 _WR	=	0x00b6
                           0000B7   366 _RD	=	0x00b7
                           0000B8   367 _PX0	=	0x00b8
                           0000B9   368 _PT0	=	0x00b9
                           0000BA   369 _PX1	=	0x00ba
                           0000BB   370 _PT1	=	0x00bb
                           0000BC   371 _PS	=	0x00bc
                           0000D0   372 _P	=	0x00d0
                           0000D1   373 _F1	=	0x00d1
                           0000D2   374 _OV	=	0x00d2
                           0000D3   375 _RS0	=	0x00d3
                           0000D4   376 _RS1	=	0x00d4
                           0000D5   377 _F0	=	0x00d5
                           0000D6   378 _AC	=	0x00d6
                           0000D7   379 _CY	=	0x00d7
                           0000AD   380 _ET2	=	0x00ad
                           0000BD   381 _PT2	=	0x00bd
                           0000C8   382 _T2CON_0	=	0x00c8
                           0000C9   383 _T2CON_1	=	0x00c9
                           0000CA   384 _T2CON_2	=	0x00ca
                           0000CB   385 _T2CON_3	=	0x00cb
                           0000CC   386 _T2CON_4	=	0x00cc
                           0000CD   387 _T2CON_5	=	0x00cd
                           0000CE   388 _T2CON_6	=	0x00ce
                           0000CF   389 _T2CON_7	=	0x00cf
                           0000C8   390 _CP_RL2	=	0x00c8
                           0000C9   391 _C_T2	=	0x00c9
                           0000CA   392 _TR2	=	0x00ca
                           0000CB   393 _EXEN2	=	0x00cb
                           0000CC   394 _TCLK	=	0x00cc
                           0000CD   395 _RCLK	=	0x00cd
                           0000CE   396 _EXF2	=	0x00ce
                           0000CF   397 _TF2	=	0x00cf
                           0000DF   398 _CF	=	0x00df
                           0000DE   399 _CR	=	0x00de
                           0000DC   400 _CCF4	=	0x00dc
                           0000DB   401 _CCF3	=	0x00db
                           0000DA   402 _CCF2	=	0x00da
                           0000D9   403 _CCF1	=	0x00d9
                           0000D8   404 _CCF0	=	0x00d8
                           0000AE   405 _EC	=	0x00ae
                           0000BE   406 _PPCL	=	0x00be
                           0000BD   407 _PT2L	=	0x00bd
                           0000BC   408 _PSL	=	0x00bc
                           0000BB   409 _PT1L	=	0x00bb
                           0000BA   410 _PX1L	=	0x00ba
                           0000B9   411 _PT0L	=	0x00b9
                           0000B8   412 _PX0L	=	0x00b8
                           0000C0   413 _P4_0	=	0x00c0
                           0000C1   414 _P4_1	=	0x00c1
                           0000C2   415 _P4_2	=	0x00c2
                           0000C3   416 _P4_3	=	0x00c3
                           0000C4   417 _P4_4	=	0x00c4
                           0000C5   418 _P4_5	=	0x00c5
                           0000C6   419 _P4_6	=	0x00c6
                           0000C7   420 _P4_7	=	0x00c7
                           0000E8   421 _P5_0	=	0x00e8
                           0000E9   422 _P5_1	=	0x00e9
                           0000EA   423 _P5_2	=	0x00ea
                           0000EB   424 _P5_3	=	0x00eb
                           0000EC   425 _P5_4	=	0x00ec
                           0000ED   426 _P5_5	=	0x00ed
                           0000EE   427 _P5_6	=	0x00ee
                           0000EF   428 _P5_7	=	0x00ef
                                    429 ;--------------------------------------------------------
                                    430 ; overlayable register banks
                                    431 ;--------------------------------------------------------
                                    432 	.area REG_BANK_0	(REL,OVR,DATA)
      000000                        433 	.ds 8
                                    434 ;--------------------------------------------------------
                                    435 ; internal ram data
                                    436 ;--------------------------------------------------------
                                    437 	.area DSEG    (DATA)
      000000                        438 _getInputString_sloc0_1_0:
      000000                        439 	.ds 3
                                    440 ;--------------------------------------------------------
                                    441 ; overlayable items in internal ram
                                    442 ;--------------------------------------------------------
                                    443 ;--------------------------------------------------------
                                    444 ; indirectly addressable internal ram data
                                    445 ;--------------------------------------------------------
                                    446 	.area ISEG    (DATA)
                                    447 ;--------------------------------------------------------
                                    448 ; absolute internal ram data
                                    449 ;--------------------------------------------------------
                                    450 	.area IABS    (ABS,DATA)
                                    451 	.area IABS    (ABS,DATA)
                                    452 ;--------------------------------------------------------
                                    453 ; bit data
                                    454 ;--------------------------------------------------------
                                    455 	.area BSEG    (BIT)
                                    456 ;--------------------------------------------------------
                                    457 ; paged external ram data
                                    458 ;--------------------------------------------------------
                                    459 	.area PSEG    (PAG,XDATA)
                                    460 ;--------------------------------------------------------
                                    461 ; uninitialized external ram data
                                    462 ;--------------------------------------------------------
                                    463 	.area XSEG    (XDATA)
      000000                        464 _i2c_sendByte_a_10000_83:
      000000                        465 	.ds 1
      000001                        466 _lcd_writeAddress_address_10000_125:
      000001                        467 	.ds 2
      000003                        468 _lcd_readAddress_address_10000_127:
      000003                        469 	.ds 2
      000005                        470 _lcd_writeAddressValue_PARM_2:
      000005                        471 	.ds 1
      000006                        472 _lcd_writeAddressValue_address_10000_129:
      000006                        473 	.ds 2
      000008                        474 _lcd_initdelay_delayAmount_10000_131:
      000008                        475 	.ds 2
      00000A                        476 _Terminal_run_receivedCharacter_10001_149:
      00000A                        477 	.ds 1
      00000B                        478 _Terminal_Timer_receivedCharacter_10000_155:
      00000B                        479 	.ds 1
      00000C                        480 _getInputOfSize_PARM_2:
      00000C                        481 	.ds 1
      00000D                        482 _getInputOfSize_input_10000_160:
      00000D                        483 	.ds 3
      000010                        484 _getInputString_PARM_2:
      000010                        485 	.ds 3
      000013                        486 _getInputString_PARM_3:
      000013                        487 	.ds 1
      000014                        488 _getInputString_string_10000_165:
      000014                        489 	.ds 3
      000017                        490 _getInputString_inChar_10000_166:
      000017                        491 	.ds 1
      000018                        492 _getandputcharUpdate_inputChar_10000_169:
      000018                        493 	.ds 3
                                    494 ;--------------------------------------------------------
                                    495 ; absolute external ram data
                                    496 ;--------------------------------------------------------
                                    497 	.area XABS    (ABS,XDATA)
                                    498 ;--------------------------------------------------------
                                    499 ; initialized external ram data
                                    500 ;--------------------------------------------------------
                                    501 	.area XISEG   (XDATA)
      000000                        502 _currentClockMode:
      000000                        503 	.ds 1
                                    504 	.area HOME    (CODE)
                                    505 	.area GSINIT0 (CODE)
                                    506 	.area GSINIT1 (CODE)
                                    507 	.area GSINIT2 (CODE)
                                    508 	.area GSINIT3 (CODE)
                                    509 	.area GSINIT4 (CODE)
                                    510 	.area GSINIT5 (CODE)
                                    511 	.area GSINIT  (CODE)
                                    512 	.area GSFINAL (CODE)
                                    513 	.area CSEG    (CODE)
                                    514 ;--------------------------------------------------------
                                    515 ; global & static initialisations
                                    516 ;--------------------------------------------------------
                                    517 	.area HOME    (CODE)
                                    518 	.area GSINIT  (CODE)
                                    519 	.area GSFINAL (CODE)
                                    520 	.area GSINIT  (CODE)
                                    521 ;--------------------------------------------------------
                                    522 ; Home
                                    523 ;--------------------------------------------------------
                                    524 	.area HOME    (CODE)
                                    525 	.area HOME    (CODE)
                                    526 ;--------------------------------------------------------
                                    527 ; code
                                    528 ;--------------------------------------------------------
                                    529 	.area CSEG    (CODE)
                                    530 ;------------------------------------------------------------
                                    531 ;Allocation info for local variables in function 'i2c_findStart'
                                    532 ;------------------------------------------------------------
                                    533 ;	headers/i2c_driver.h:28: static inline void i2c_findStart(){
                                    534 ;	-----------------------------------------
                                    535 ;	 function i2c_findStart
                                    536 ;	-----------------------------------------
      000000                        537 _i2c_findStart:
                           000007   538 	ar7 = 0x07
                           000006   539 	ar6 = 0x06
                           000005   540 	ar5 = 0x05
                           000004   541 	ar4 = 0x04
                           000003   542 	ar3 = 0x03
                           000002   543 	ar2 = 0x02
                           000001   544 	ar1 = 0x01
                           000000   545 	ar0 = 0x00
                                    546 ;	headers/i2c_driver.h:29: while(SCL==0);
      000000                        547 00101$:
      000000 30 90 FD         [24]  548 	jnb	_P1_0,00101$
                                    549 ;	headers/i2c_driver.h:30: while(SDA==1);
      000003                        550 00104$:
      000003 20 95 FD         [24]  551 	jb	_P1_5,00104$
                                    552 ;	headers/i2c_driver.h:31: }
      000006 22               [24]  553 	ret
                                    554 ;------------------------------------------------------------
                                    555 ;Allocation info for local variables in function 'i2c_sendAck'
                                    556 ;------------------------------------------------------------
                                    557 ;	headers/i2c_driver.h:33: static inline void i2c_sendAck(){
                                    558 ;	-----------------------------------------
                                    559 ;	 function i2c_sendAck
                                    560 ;	-----------------------------------------
      000007                        561 _i2c_sendAck:
                                    562 ;	headers/i2c_driver.h:34: while(SCL==1);
      000007                        563 00101$:
      000007 20 90 FD         [24]  564 	jb	_P1_0,00101$
                                    565 ;	headers/i2c_driver.h:35: SDA = 0;
                                    566 ;	assignBit
      00000A C2 95            [12]  567 	clr	_P1_5
                                    568 ;	headers/i2c_driver.h:36: while(SCL==0);
      00000C                        569 00104$:
      00000C 30 90 FD         [24]  570 	jnb	_P1_0,00104$
                                    571 ;	headers/i2c_driver.h:37: SDA = 1;
                                    572 ;	assignBit
      00000F D2 95            [12]  573 	setb	_P1_5
                                    574 ;	headers/i2c_driver.h:38: }
      000011 22               [24]  575 	ret
                                    576 ;------------------------------------------------------------
                                    577 ;Allocation info for local variables in function 'i2c_pullBit'
                                    578 ;------------------------------------------------------------
                                    579 ;toReturn      Allocated with name '_i2c_pullBit_toReturn_10001_82'
                                    580 ;------------------------------------------------------------
                                    581 ;	headers/i2c_driver.h:41: static inline char i2c_pullBit(){
                                    582 ;	-----------------------------------------
                                    583 ;	 function i2c_pullBit
                                    584 ;	-----------------------------------------
      000012                        585 _i2c_pullBit:
                                    586 ;	headers/i2c_driver.h:42: while(SCL==0);
      000012                        587 00101$:
      000012 30 90 FD         [24]  588 	jnb	_P1_0,00101$
                                    589 ;	headers/i2c_driver.h:43: char toReturn = (volatile char)SDA;
      000015 A2 95            [12]  590 	mov	c,_P1_5
      000017 E4               [12]  591 	clr	a
      000018 33               [12]  592 	rlc	a
                                    593 ;	headers/i2c_driver.h:44: return toReturn;
                                    594 ;	headers/i2c_driver.h:45: }
      000019 F5 82            [12]  595 	mov	dpl,a
      00001B 22               [24]  596 	ret
                                    597 ;------------------------------------------------------------
                                    598 ;Allocation info for local variables in function 'i2c_sendByte'
                                    599 ;------------------------------------------------------------
                                    600 ;a             Allocated with name '_i2c_sendByte_a_10000_83'
                                    601 ;__200000004   Allocated with name '_i2c_sendByte___200000004_20000_84'
                                    602 ;i             Allocated with name '_i2c_sendByte_i_20000_85'
                                    603 ;toReturn      Allocated with name '_i2c_sendByte_toReturn_50000_91'
                                    604 ;------------------------------------------------------------
                                    605 ;	headers/i2c_driver.h:48: static inline char i2c_sendByte(char a){
                                    606 ;	-----------------------------------------
                                    607 ;	 function i2c_sendByte
                                    608 ;	-----------------------------------------
      00001C                        609 _i2c_sendByte:
      00001C E5 82            [12]  610 	mov	a,dpl
      00001E 90r00r00         [24]  611 	mov	dptr,#_i2c_sendByte_a_10000_83
      000021 F0               [24]  612 	movx	@dptr,a
                                    613 ;	headers/i2c_driver.h:50: while(SCL==1);
      000022 7F 07            [12]  614 	mov	r7,#0x07
      000024                        615 00101$:
      000024 20 90 FD         [24]  616 	jb	_P1_0,00101$
                                    617 ;	headers/i2c_driver.h:51: SDA = (1 & (a>>i));
      000027 90r00r00         [24]  618 	mov	dptr,#_i2c_sendByte_a_10000_83
      00002A E0               [24]  619 	movx	a,@dptr
      00002B 8F F0            [24]  620 	mov	b,r7
      00002D 05 F0            [12]  621 	inc	b
      00002F 80 02            [24]  622 	sjmp	00147$
      000031                        623 00146$:
      000031 C3               [12]  624 	clr	c
      000032 13               [12]  625 	rrc	a
      000033                        626 00147$:
      000033 D5 F0 FB         [24]  627 	djnz	b,00146$
      000036 54 01            [12]  628 	anl	a,#0x01
                                    629 ;	assignBit
      000038 24 FF            [12]  630 	add	a,#0xff
      00003A 92 95            [24]  631 	mov	_P1_5,c
                                    632 ;	headers/i2c_driver.h:52: while(SCL==0);
      00003C                        633 00104$:
      00003C 30 90 FD         [24]  634 	jnb	_P1_0,00104$
                                    635 ;	headers/i2c_driver.h:49: for(uint8_t i=7; i>=0; i--){
      00003F 1F               [12]  636 	dec	r7
                                    637 ;	headers/i2c_driver.h:57: return SUCCESS;
                                    638 ;	headers/i2c_driver.h:58: }
      000040 80 E2            [24]  639 	sjmp	00101$
                                    640 ;------------------------------------------------------------
                                    641 ;Allocation info for local variables in function 'i2c_pullByte'
                                    642 ;------------------------------------------------------------
                                    643 ;__200000020   Allocated with name '_i2c_pullByte___200000020_20000_92'
                                    644 ;__200000018   Allocated with name '_i2c_pullByte___200000018_20000_92'
                                    645 ;__200000016   Allocated with name '_i2c_pullByte___200000016_20000_92'
                                    646 ;__200000014   Allocated with name '_i2c_pullByte___200000014_20000_92'
                                    647 ;__200000012   Allocated with name '_i2c_pullByte___200000012_20000_92'
                                    648 ;__200000010   Allocated with name '_i2c_pullByte___200000010_20000_92'
                                    649 ;__200000008   Allocated with name '_i2c_pullByte___200000008_20000_92'
                                    650 ;__200000006   Allocated with name '_i2c_pullByte___200000006_20000_92'
                                    651 ;returned      Allocated with name '_i2c_pullByte_returned_10000_92'
                                    652 ;toReturn      Allocated with name '_i2c_pullByte_toReturn_50000_96'
                                    653 ;toReturn      Allocated with name '_i2c_pullByte_toReturn_50000_100'
                                    654 ;toReturn      Allocated with name '_i2c_pullByte_toReturn_50000_104'
                                    655 ;toReturn      Allocated with name '_i2c_pullByte_toReturn_50000_108'
                                    656 ;toReturn      Allocated with name '_i2c_pullByte_toReturn_50000_112'
                                    657 ;toReturn      Allocated with name '_i2c_pullByte_toReturn_50000_116'
                                    658 ;toReturn      Allocated with name '_i2c_pullByte_toReturn_50000_120'
                                    659 ;toReturn      Allocated with name '_i2c_pullByte_toReturn_50000_124'
                                    660 ;------------------------------------------------------------
                                    661 ;	headers/i2c_driver.h:60: static inline char i2c_pullByte(){
                                    662 ;	-----------------------------------------
                                    663 ;	 function i2c_pullByte
                                    664 ;	-----------------------------------------
      000042                        665 _i2c_pullByte:
                                    666 ;	headers/i2c_driver.h:61: char returned = i2c_pullBit()<<7;
      000042                        667 00122$:
      000042 30 90 FD         [24]  668 	jnb	_P1_0,00122$
                                    669 ;	headers/i2c_driver.h:43: char toReturn = (volatile char)SDA;
      000045 A2 95            [12]  670 	mov	c,_P1_5
      000047 E4               [12]  671 	clr	a
      000048 33               [12]  672 	rlc	a
                                    673 ;	headers/i2c_driver.h:61: char returned = i2c_pullBit()<<7;
      000049 03               [12]  674 	rr	a
      00004A 54 80            [12]  675 	anl	a,#0x80
      00004C FF               [12]  676 	mov	r7,a
                                    677 ;	headers/i2c_driver.h:62: while(SCL==1);
      00004D                        678 00101$:
      00004D 20 90 FD         [24]  679 	jb	_P1_0,00101$
                                    680 ;	headers/i2c_driver.h:42: while(SCL==0);
      000050                        681 00126$:
      000050 30 90 FD         [24]  682 	jnb	_P1_0,00126$
                                    683 ;	headers/i2c_driver.h:43: char toReturn = (volatile char)SDA;
      000053 A2 95            [12]  684 	mov	c,_P1_5
      000055 E4               [12]  685 	clr	a
      000056 33               [12]  686 	rlc	a
                                    687 ;	headers/i2c_driver.h:63: returned |= i2c_pullBit()<<6;
      000057 03               [12]  688 	rr	a
      000058 03               [12]  689 	rr	a
      000059 54 C0            [12]  690 	anl	a,#0xc0
      00005B 42 07            [12]  691 	orl	ar7,a
                                    692 ;	headers/i2c_driver.h:64: while(SCL==1);
      00005D                        693 00104$:
      00005D 20 90 FD         [24]  694 	jb	_P1_0,00104$
                                    695 ;	headers/i2c_driver.h:42: while(SCL==0);
      000060                        696 00130$:
      000060 30 90 FD         [24]  697 	jnb	_P1_0,00130$
                                    698 ;	headers/i2c_driver.h:43: char toReturn = (volatile char)SDA;
      000063 A2 95            [12]  699 	mov	c,_P1_5
      000065 E4               [12]  700 	clr	a
      000066 33               [12]  701 	rlc	a
                                    702 ;	headers/i2c_driver.h:65: returned |= i2c_pullBit()<<5;
      000067 C4               [12]  703 	swap	a
      000068 23               [12]  704 	rl	a
      000069 54 E0            [12]  705 	anl	a,#0xe0
      00006B 42 07            [12]  706 	orl	ar7,a
                                    707 ;	headers/i2c_driver.h:66: while(SCL==1);
      00006D                        708 00107$:
      00006D 20 90 FD         [24]  709 	jb	_P1_0,00107$
                                    710 ;	headers/i2c_driver.h:42: while(SCL==0);
      000070                        711 00134$:
      000070 30 90 FD         [24]  712 	jnb	_P1_0,00134$
                                    713 ;	headers/i2c_driver.h:43: char toReturn = (volatile char)SDA;
      000073 A2 95            [12]  714 	mov	c,_P1_5
      000075 E4               [12]  715 	clr	a
      000076 33               [12]  716 	rlc	a
                                    717 ;	headers/i2c_driver.h:67: returned |= i2c_pullBit()<<4;
      000077 C4               [12]  718 	swap	a
      000078 54 F0            [12]  719 	anl	a,#0xf0
      00007A 42 07            [12]  720 	orl	ar7,a
                                    721 ;	headers/i2c_driver.h:68: while(SCL==1);
      00007C                        722 00110$:
      00007C 20 90 FD         [24]  723 	jb	_P1_0,00110$
                                    724 ;	headers/i2c_driver.h:42: while(SCL==0);
      00007F                        725 00138$:
      00007F 30 90 FD         [24]  726 	jnb	_P1_0,00138$
                                    727 ;	headers/i2c_driver.h:43: char toReturn = (volatile char)SDA;
      000082 A2 95            [12]  728 	mov	c,_P1_5
      000084 E4               [12]  729 	clr	a
      000085 33               [12]  730 	rlc	a
                                    731 ;	headers/i2c_driver.h:69: returned |= i2c_pullBit()<<3;
      000086 C4               [12]  732 	swap	a
      000087 03               [12]  733 	rr	a
      000088 54 F8            [12]  734 	anl	a,#0xf8
      00008A 42 07            [12]  735 	orl	ar7,a
                                    736 ;	headers/i2c_driver.h:70: while(SCL==1);
      00008C                        737 00113$:
      00008C 20 90 FD         [24]  738 	jb	_P1_0,00113$
                                    739 ;	headers/i2c_driver.h:42: while(SCL==0);
      00008F                        740 00142$:
      00008F 30 90 FD         [24]  741 	jnb	_P1_0,00142$
                                    742 ;	headers/i2c_driver.h:43: char toReturn = (volatile char)SDA;
      000092 A2 95            [12]  743 	mov	c,_P1_5
      000094 E4               [12]  744 	clr	a
      000095 33               [12]  745 	rlc	a
                                    746 ;	headers/i2c_driver.h:71: returned |= i2c_pullBit()<<2;
      000096 25 E0            [12]  747 	add	a,acc
      000098 25 E0            [12]  748 	add	a,acc
      00009A 42 07            [12]  749 	orl	ar7,a
                                    750 ;	headers/i2c_driver.h:72: while(SCL==1);
      00009C                        751 00116$:
      00009C 20 90 FD         [24]  752 	jb	_P1_0,00116$
                                    753 ;	headers/i2c_driver.h:42: while(SCL==0);
      00009F                        754 00146$:
      00009F 30 90 FD         [24]  755 	jnb	_P1_0,00146$
                                    756 ;	headers/i2c_driver.h:43: char toReturn = (volatile char)SDA;
      0000A2 A2 95            [12]  757 	mov	c,_P1_5
      0000A4 E4               [12]  758 	clr	a
      0000A5 33               [12]  759 	rlc	a
                                    760 ;	headers/i2c_driver.h:73: returned |= i2c_pullBit()<<1;
      0000A6 25 E0            [12]  761 	add	a,acc
      0000A8 42 07            [12]  762 	orl	ar7,a
                                    763 ;	headers/i2c_driver.h:74: while(SCL==1);
      0000AA                        764 00119$:
      0000AA 20 90 FD         [24]  765 	jb	_P1_0,00119$
                                    766 ;	headers/i2c_driver.h:42: while(SCL==0);
      0000AD                        767 00150$:
      0000AD 30 90 FD         [24]  768 	jnb	_P1_0,00150$
                                    769 ;	headers/i2c_driver.h:43: char toReturn = (volatile char)SDA;
      0000B0 A2 95            [12]  770 	mov	c,_P1_5
      0000B2 E4               [12]  771 	clr	a
      0000B3 33               [12]  772 	rlc	a
                                    773 ;	headers/i2c_driver.h:75: returned |= i2c_pullBit();
      0000B4 42 07            [12]  774 	orl	ar7,a
                                    775 ;	headers/i2c_driver.h:76: return returned;
      0000B6 8F 82            [24]  776 	mov	dpl, r7
                                    777 ;	headers/i2c_driver.h:77: }
      0000B8 22               [24]  778 	ret
                                    779 ;------------------------------------------------------------
                                    780 ;Allocation info for local variables in function 'lcd_writeAddress'
                                    781 ;------------------------------------------------------------
                                    782 ;address       Allocated with name '_lcd_writeAddress_address_10000_125'
                                    783 ;writeToLCD    Allocated with name '_lcd_writeAddress_writeToLCD_10000_126'
                                    784 ;------------------------------------------------------------
                                    785 ;	headers/lcd_driver.h:43: static inline void lcd_writeAddress(uint16_t address){
                                    786 ;	-----------------------------------------
                                    787 ;	 function lcd_writeAddress
                                    788 ;	-----------------------------------------
      0000B9                        789 _lcd_writeAddress:
      0000B9 AF 83            [24]  790 	mov	r7,dph
      0000BB E5 82            [12]  791 	mov	a,dpl
      0000BD 90r00r01         [24]  792 	mov	dptr,#_lcd_writeAddress_address_10000_125
      0000C0 F0               [24]  793 	movx	@dptr,a
      0000C1 EF               [12]  794 	mov	a,r7
      0000C2 A3               [24]  795 	inc	dptr
      0000C3 F0               [24]  796 	movx	@dptr,a
                                    797 ;	headers/lcd_driver.h:45: writeToLCD = (__xdata uint16_t*)address;
      0000C4 90r00r01         [24]  798 	mov	dptr,#_lcd_writeAddress_address_10000_125
      0000C7 E0               [24]  799 	movx	a,@dptr
      0000C8 FE               [12]  800 	mov	r6,a
      0000C9 A3               [24]  801 	inc	dptr
      0000CA E0               [24]  802 	movx	a,@dptr
      0000CB FF               [12]  803 	mov	r7,a
      0000CC 8E 04            [24]  804 	mov	ar4,r6
      0000CE 8F 05            [24]  805 	mov	ar5,r7
      0000D0 8C 82            [24]  806 	mov	dpl,r4
      0000D2 8D 83            [24]  807 	mov	dph,r5
                                    808 ;	headers/lcd_driver.h:46: *writeToLCD = (uint8_t) address;
      0000D4 EE               [12]  809 	mov	a,r6
      0000D5 F0               [24]  810 	movx	@dptr,a
                                    811 ;	headers/lcd_driver.h:47: }
      0000D6 22               [24]  812 	ret
                                    813 ;------------------------------------------------------------
                                    814 ;Allocation info for local variables in function 'lcd_readAddress'
                                    815 ;------------------------------------------------------------
                                    816 ;address       Allocated with name '_lcd_readAddress_address_10000_127'
                                    817 ;readFromLCD   Allocated with name '_lcd_readAddress_readFromLCD_10000_128'
                                    818 ;------------------------------------------------------------
                                    819 ;	headers/lcd_driver.h:50: static inline uint8_t lcd_readAddress(uint16_t address){
                                    820 ;	-----------------------------------------
                                    821 ;	 function lcd_readAddress
                                    822 ;	-----------------------------------------
      0000D7                        823 _lcd_readAddress:
      0000D7 AF 83            [24]  824 	mov	r7,dph
      0000D9 E5 82            [12]  825 	mov	a,dpl
      0000DB 90r00r03         [24]  826 	mov	dptr,#_lcd_readAddress_address_10000_127
      0000DE F0               [24]  827 	movx	@dptr,a
      0000DF EF               [12]  828 	mov	a,r7
      0000E0 A3               [24]  829 	inc	dptr
      0000E1 F0               [24]  830 	movx	@dptr,a
                                    831 ;	headers/lcd_driver.h:52: readFromLCD = (__xdata uint16_t*)address;
      0000E2 90r00r03         [24]  832 	mov	dptr,#_lcd_readAddress_address_10000_127
      0000E5 E0               [24]  833 	movx	a,@dptr
      0000E6 FE               [12]  834 	mov	r6,a
      0000E7 A3               [24]  835 	inc	dptr
      0000E8 E0               [24]  836 	movx	a,@dptr
      0000E9 FF               [12]  837 	mov	r7,a
      0000EA 8E 82            [24]  838 	mov	dpl,r6
      0000EC 8F 83            [24]  839 	mov	dph,r7
                                    840 ;	headers/lcd_driver.h:53: return *readFromLCD;
      0000EE E0               [24]  841 	movx	a,@dptr
                                    842 ;	headers/lcd_driver.h:54: }
      0000EF F5 82            [12]  843 	mov	dpl,a
      0000F1 22               [24]  844 	ret
                                    845 ;------------------------------------------------------------
                                    846 ;Allocation info for local variables in function 'lcd_writeAddressValue'
                                    847 ;------------------------------------------------------------
                                    848 ;value         Allocated with name '_lcd_writeAddressValue_PARM_2'
                                    849 ;address       Allocated with name '_lcd_writeAddressValue_address_10000_129'
                                    850 ;writeToLCD    Allocated with name '_lcd_writeAddressValue_writeToLCD_10000_130'
                                    851 ;------------------------------------------------------------
                                    852 ;	headers/lcd_driver.h:57: static inline void lcd_writeAddressValue(uint16_t address, uint8_t value){
                                    853 ;	-----------------------------------------
                                    854 ;	 function lcd_writeAddressValue
                                    855 ;	-----------------------------------------
      0000F2                        856 _lcd_writeAddressValue:
      0000F2 AF 83            [24]  857 	mov	r7,dph
      0000F4 E5 82            [12]  858 	mov	a,dpl
      0000F6 90r00r06         [24]  859 	mov	dptr,#_lcd_writeAddressValue_address_10000_129
      0000F9 F0               [24]  860 	movx	@dptr,a
      0000FA EF               [12]  861 	mov	a,r7
      0000FB A3               [24]  862 	inc	dptr
      0000FC F0               [24]  863 	movx	@dptr,a
                                    864 ;	headers/lcd_driver.h:59: writeToLCD = (__xdata uint16_t*)address;
      0000FD 90r00r06         [24]  865 	mov	dptr,#_lcd_writeAddressValue_address_10000_129
      000100 E0               [24]  866 	movx	a,@dptr
      000101 FE               [12]  867 	mov	r6,a
      000102 A3               [24]  868 	inc	dptr
      000103 E0               [24]  869 	movx	a,@dptr
      000104 FF               [12]  870 	mov	r7,a
                                    871 ;	headers/lcd_driver.h:60: *writeToLCD = value;
      000105 90r00r05         [24]  872 	mov	dptr,#_lcd_writeAddressValue_PARM_2
      000108 E0               [24]  873 	movx	a,@dptr
      000109 8E 82            [24]  874 	mov	dpl,r6
      00010B 8F 83            [24]  875 	mov	dph,r7
      00010D F0               [24]  876 	movx	@dptr,a
                                    877 ;	headers/lcd_driver.h:61: }
      00010E 22               [24]  878 	ret
                                    879 ;------------------------------------------------------------
                                    880 ;Allocation info for local variables in function 'lcd_initdelay'
                                    881 ;------------------------------------------------------------
                                    882 ;delayAmount   Allocated with name '_lcd_initdelay_delayAmount_10000_131'
                                    883 ;i             Allocated with name '_lcd_initdelay_i_20000_133'
                                    884 ;------------------------------------------------------------
                                    885 ;	headers/lcd_driver.h:64: static inline void lcd_initdelay(uint16_t delayAmount){
                                    886 ;	-----------------------------------------
                                    887 ;	 function lcd_initdelay
                                    888 ;	-----------------------------------------
      00010F                        889 _lcd_initdelay:
      00010F AF 83            [24]  890 	mov	r7,dph
      000111 E5 82            [12]  891 	mov	a,dpl
      000113 90r00r08         [24]  892 	mov	dptr,#_lcd_initdelay_delayAmount_10000_131
      000116 F0               [24]  893 	movx	@dptr,a
      000117 EF               [12]  894 	mov	a,r7
      000118 A3               [24]  895 	inc	dptr
      000119 F0               [24]  896 	movx	@dptr,a
                                    897 ;	headers/lcd_driver.h:66: for(uint32_t i = 0; i < delayAmount; i++){
      00011A 7C 00            [12]  898 	mov	r4,#0x00
      00011C 7D 00            [12]  899 	mov	r5,#0x00
      00011E 7E 00            [12]  900 	mov	r6,#0x00
      000120 7F 00            [12]  901 	mov	r7,#0x00
      000122                        902 00103$:
      000122 90r00r08         [24]  903 	mov	dptr,#_lcd_initdelay_delayAmount_10000_131
      000125 E0               [24]  904 	movx	a,@dptr
      000126 F8               [12]  905 	mov	r0,a
      000127 A3               [24]  906 	inc	dptr
      000128 E0               [24]  907 	movx	a,@dptr
      000129 F9               [12]  908 	mov	r1,a
      00012A 7A 00            [12]  909 	mov	r2,#0x00
      00012C 7B 00            [12]  910 	mov	r3,#0x00
      00012E C3               [12]  911 	clr	c
      00012F EC               [12]  912 	mov	a,r4
      000130 98               [12]  913 	subb	a,r0
      000131 ED               [12]  914 	mov	a,r5
      000132 99               [12]  915 	subb	a,r1
      000133 EE               [12]  916 	mov	a,r6
      000134 9A               [12]  917 	subb	a,r2
      000135 EF               [12]  918 	mov	a,r7
      000136 9B               [12]  919 	subb	a,r3
      000137 50 0F            [24]  920 	jnc	00105$
      000139 0C               [12]  921 	inc	r4
      00013A BC 00 09         [24]  922 	cjne	r4,#0x00,00121$
      00013D 0D               [12]  923 	inc	r5
      00013E BD 00 05         [24]  924 	cjne	r5,#0x00,00121$
      000141 0E               [12]  925 	inc	r6
      000142 BE 00 DD         [24]  926 	cjne	r6,#0x00,00103$
      000145 0F               [12]  927 	inc	r7
      000146                        928 00121$:
      000146 80 DA            [24]  929 	sjmp	00103$
      000148                        930 00105$:
                                    931 ;	headers/lcd_driver.h:69: }
      000148 22               [24]  932 	ret
                                    933 ;------------------------------------------------------------
                                    934 ;Allocation info for local variables in function 'Terminal_run'
                                    935 ;------------------------------------------------------------
                                    936 ;receivedCharacter Allocated with name '_Terminal_run_receivedCharacter_10001_149'
                                    937 ;------------------------------------------------------------
                                    938 ;	src/terminal.c:9: uint8_t Terminal_run(void){
                                    939 ;	-----------------------------------------
                                    940 ;	 function Terminal_run
                                    941 ;	-----------------------------------------
      000149                        942 _Terminal_run:
                                    943 ;	src/terminal.c:10: printf_tiny(" ------- Welcome to TAS's final project, an monitor for Windows ------- \n\r");
      000149 74r00            [12]  944 	mov	a,#___str_0
      00014B C0 E0            [24]  945 	push	acc
      00014D 74s00            [12]  946 	mov	a,#(___str_0 >> 8)
      00014F C0 E0            [24]  947 	push	acc
      000151 12r00r00         [24]  948 	lcall	_printf_tiny
      000154 15 81            [12]  949 	dec	sp
      000156 15 81            [12]  950 	dec	sp
                                    951 ;	src/terminal.c:11: printf_tiny("\t  Pleas input ? for a list of commands\n\r\n\r");
      000158 74r4B            [12]  952 	mov	a,#___str_1
      00015A C0 E0            [24]  953 	push	acc
      00015C 74s00            [12]  954 	mov	a,#(___str_1 >> 8)
      00015E C0 E0            [24]  955 	push	acc
      000160 12r00r00         [24]  956 	lcall	_printf_tiny
      000163 15 81            [12]  957 	dec	sp
      000165 15 81            [12]  958 	dec	sp
                                    959 ;	src/terminal.c:13: while(1){
      000167                        960 00105$:
                                    961 ;	src/terminal.c:14: printf_tiny("\n\r>> ");
      000167 74r77            [12]  962 	mov	a,#___str_2
      000169 C0 E0            [24]  963 	push	acc
      00016B 74s00            [12]  964 	mov	a,#(___str_2 >> 8)
      00016D C0 E0            [24]  965 	push	acc
      00016F 12r00r00         [24]  966 	lcall	_printf_tiny
      000172 15 81            [12]  967 	dec	sp
      000174 15 81            [12]  968 	dec	sp
                                    969 ;	src/terminal.c:15: getandputcharUpdate(&receivedCharacter);
      000176 90r00r0A         [24]  970 	mov	dptr,#_Terminal_run_receivedCharacter_10001_149
      000179 75 F0 00         [24]  971 	mov	b, #0x00
      00017C 12r03rAB         [24]  972 	lcall	_getandputcharUpdate
                                    973 ;	src/terminal.c:16: switch(receivedCharacter){
      00017F 90r00r0A         [24]  974 	mov	dptr,#_Terminal_run_receivedCharacter_10001_149
      000182 E0               [24]  975 	movx	a,@dptr
      000183 FF               [12]  976 	mov	r7,a
      000184 BF 3F E0         [24]  977 	cjne	r7,#0x3f,00105$
                                    978 ;	src/terminal.c:18: Terminal_Help();
      000187 12r01r8C         [24]  979 	lcall	_Terminal_Help
                                    980 ;	src/terminal.c:19: break;
                                    981 ;	src/terminal.c:30: return 0;
                                    982 ;	src/terminal.c:31: }
      00018A 80 DB            [24]  983 	sjmp	00105$
                                    984 ;------------------------------------------------------------
                                    985 ;Allocation info for local variables in function 'Terminal_Help'
                                    986 ;------------------------------------------------------------
                                    987 ;	src/terminal.c:33: void Terminal_Help(){
                                    988 ;	-----------------------------------------
                                    989 ;	 function Terminal_Help
                                    990 ;	-----------------------------------------
      00018C                        991 _Terminal_Help:
                                    992 ;	src/terminal.c:34: printf_tiny("\n\r --- COMMAND HELP MENU --- \n\r");
      00018C 74r7D            [12]  993 	mov	a,#___str_3
      00018E C0 E0            [24]  994 	push	acc
      000190 74s00            [12]  995 	mov	a,#(___str_3 >> 8)
      000192 C0 E0            [24]  996 	push	acc
      000194 12r00r00         [24]  997 	lcall	_printf_tiny
      000197 15 81            [12]  998 	dec	sp
      000199 15 81            [12]  999 	dec	sp
                                   1000 ;	src/terminal.c:36: printf_tiny("? -- This help menu, shows valid commands.\n\r");
      00019B 74r9D            [12] 1001 	mov	a,#___str_4
      00019D C0 E0            [24] 1002 	push	acc
      00019F 74s00            [12] 1003 	mov	a,#(___str_4 >> 8)
      0001A1 C0 E0            [24] 1004 	push	acc
      0001A3 12r00r00         [24] 1005 	lcall	_printf_tiny
      0001A6 15 81            [12] 1006 	dec	sp
      0001A8 15 81            [12] 1007 	dec	sp
                                   1008 ;	src/terminal.c:39: printf_tiny("p -- pauses the LCD.\n\r");
      0001AA 74rCA            [12] 1009 	mov	a,#___str_5
      0001AC C0 E0            [24] 1010 	push	acc
      0001AE 74s00            [12] 1011 	mov	a,#(___str_5 >> 8)
      0001B0 C0 E0            [24] 1012 	push	acc
      0001B2 12r00r00         [24] 1013 	lcall	_printf_tiny
      0001B5 15 81            [12] 1014 	dec	sp
      0001B7 15 81            [12] 1015 	dec	sp
                                   1016 ;	src/terminal.c:40: printf_tiny("r -- resumes the LCD\n\r");
      0001B9 74rE1            [12] 1017 	mov	a,#___str_6
      0001BB C0 E0            [24] 1018 	push	acc
      0001BD 74s00            [12] 1019 	mov	a,#(___str_6 >> 8)
      0001BF C0 E0            [24] 1020 	push	acc
      0001C1 12r00r00         [24] 1021 	lcall	_printf_tiny
      0001C4 15 81            [12] 1022 	dec	sp
      0001C6 15 81            [12] 1023 	dec	sp
                                   1024 ;	src/terminal.c:43: printf_tiny("reset -- restarts the program.\n\r");
      0001C8 74rF8            [12] 1025 	mov	a,#___str_7
      0001CA C0 E0            [24] 1026 	push	acc
      0001CC 74s00            [12] 1027 	mov	a,#(___str_7 >> 8)
      0001CE C0 E0            [24] 1028 	push	acc
      0001D0 12r00r00         [24] 1029 	lcall	_printf_tiny
      0001D3 15 81            [12] 1030 	dec	sp
      0001D5 15 81            [12] 1031 	dec	sp
                                   1032 ;	src/terminal.c:44: }
      0001D7 22               [24] 1033 	ret
                                   1034 ;------------------------------------------------------------
                                   1035 ;Allocation info for local variables in function 'Terminal_Timer'
                                   1036 ;------------------------------------------------------------
                                   1037 ;receivedCharacter Allocated with name '_Terminal_Timer_receivedCharacter_10000_155'
                                   1038 ;------------------------------------------------------------
                                   1039 ;	src/terminal.c:46: void Terminal_Timer(){
                                   1040 ;	-----------------------------------------
                                   1041 ;	 function Terminal_Timer
                                   1042 ;	-----------------------------------------
      0001D8                       1043 _Terminal_Timer:
                                   1044 ;	src/terminal.c:48: getandputcharUpdate(&receivedCharacter);
      0001D8 90r00r0B         [24] 1045 	mov	dptr,#_Terminal_Timer_receivedCharacter_10000_155
      0001DB 75 F0 00         [24] 1046 	mov	b, #0x00
      0001DE 12r03rAB         [24] 1047 	lcall	_getandputcharUpdate
                                   1048 ;	src/terminal.c:49: switch(receivedCharacter){
      0001E1 90r00r0B         [24] 1049 	mov	dptr,#_Terminal_Timer_receivedCharacter_10000_155
      0001E4 E0               [24] 1050 	movx	a,@dptr
      0001E5 FF               [12] 1051 	mov	r7,a
      0001E6 BF 63 02         [24] 1052 	cjne	r7,#0x63,00125$
      0001E9 80 2E            [24] 1053 	sjmp	00103$
      0001EB                       1054 00125$:
      0001EB BF 72 02         [24] 1055 	cjne	r7,#0x72,00126$
      0001EE 80 16            [24] 1056 	sjmp	00102$
      0001F0                       1057 00126$:
      0001F0 BF 73 38         [24] 1058 	cjne	r7,#0x73,00105$
                                   1059 ;	src/terminal.c:51: timer0_pause();
      0001F3 12r00r00         [24] 1060 	lcall	_timer0_pause
                                   1061 ;	src/terminal.c:52: printf_tiny("\n\rTimer stopped.\n\r");
      0001F6 74r19            [12] 1062 	mov	a,#___str_8
      0001F8 C0 E0            [24] 1063 	push	acc
      0001FA 74s01            [12] 1064 	mov	a,#(___str_8 >> 8)
      0001FC C0 E0            [24] 1065 	push	acc
      0001FE 12r00r00         [24] 1066 	lcall	_printf_tiny
      000201 15 81            [12] 1067 	dec	sp
      000203 15 81            [12] 1068 	dec	sp
                                   1069 ;	src/terminal.c:53: break;
                                   1070 ;	src/terminal.c:55: case 'r' :{
      000205 22               [24] 1071 	ret
      000206                       1072 00102$:
                                   1073 ;	src/terminal.c:56: timer0_resume();
      000206 12r00r00         [24] 1074 	lcall	_timer0_resume
                                   1075 ;	src/terminal.c:57: printf_tiny("\n\rTimer resumed.\n\r");
      000209 74r2C            [12] 1076 	mov	a,#___str_9
      00020B C0 E0            [24] 1077 	push	acc
      00020D 74s01            [12] 1078 	mov	a,#(___str_9 >> 8)
      00020F C0 E0            [24] 1079 	push	acc
      000211 12r00r00         [24] 1080 	lcall	_printf_tiny
      000214 15 81            [12] 1081 	dec	sp
      000216 15 81            [12] 1082 	dec	sp
                                   1083 ;	src/terminal.c:58: break;
                                   1084 ;	src/terminal.c:60: case 'c':{
      000218 22               [24] 1085 	ret
      000219                       1086 00103$:
                                   1087 ;	src/terminal.c:61: timer0_reset();
      000219 12r00r00         [24] 1088 	lcall	_timer0_reset
                                   1089 ;	src/terminal.c:62: printf_tiny("\n\rTimer reset\n\r");
      00021C 74r3F            [12] 1090 	mov	a,#___str_10
      00021E C0 E0            [24] 1091 	push	acc
      000220 74s01            [12] 1092 	mov	a,#(___str_10 >> 8)
      000222 C0 E0            [24] 1093 	push	acc
      000224 12r00r00         [24] 1094 	lcall	_printf_tiny
      000227 15 81            [12] 1095 	dec	sp
      000229 15 81            [12] 1096 	dec	sp
                                   1097 ;	src/terminal.c:65: }
      00022B                       1098 00105$:
                                   1099 ;	src/terminal.c:66: }
      00022B 22               [24] 1100 	ret
                                   1101 ;------------------------------------------------------------
                                   1102 ;Allocation info for local variables in function 'getInputOfSize'
                                   1103 ;------------------------------------------------------------
                                   1104 ;numChars      Allocated with name '_getInputOfSize_PARM_2'
                                   1105 ;input         Allocated with name '_getInputOfSize_input_10000_160'
                                   1106 ;inChar        Allocated with name '_getInputOfSize_inChar_10000_161'
                                   1107 ;i             Allocated with name '_getInputOfSize_i_20000_162'
                                   1108 ;------------------------------------------------------------
                                   1109 ;	src/terminal.c:68: uint8_t getInputOfSize(uint16_t *input, uint8_t numChars){
                                   1110 ;	-----------------------------------------
                                   1111 ;	 function getInputOfSize
                                   1112 ;	-----------------------------------------
      00022C                       1113 _getInputOfSize:
      00022C AF F0            [24] 1114 	mov	r7,b
      00022E AE 83            [24] 1115 	mov	r6,dph
      000230 E5 82            [12] 1116 	mov	a,dpl
      000232 90r00r0D         [24] 1117 	mov	dptr,#_getInputOfSize_input_10000_160
      000235 F0               [24] 1118 	movx	@dptr,a
      000236 EE               [12] 1119 	mov	a,r6
      000237 A3               [24] 1120 	inc	dptr
      000238 F0               [24] 1121 	movx	@dptr,a
      000239 EF               [12] 1122 	mov	a,r7
      00023A A3               [24] 1123 	inc	dptr
      00023B F0               [24] 1124 	movx	@dptr,a
                                   1125 ;	src/terminal.c:70: *input = 0;
      00023C 90r00r0D         [24] 1126 	mov	dptr,#_getInputOfSize_input_10000_160
      00023F E0               [24] 1127 	movx	a,@dptr
      000240 FD               [12] 1128 	mov	r5,a
      000241 A3               [24] 1129 	inc	dptr
      000242 E0               [24] 1130 	movx	a,@dptr
      000243 FE               [12] 1131 	mov	r6,a
      000244 A3               [24] 1132 	inc	dptr
      000245 E0               [24] 1133 	movx	a,@dptr
      000246 FF               [12] 1134 	mov	r7,a
      000247 8D 82            [24] 1135 	mov	dpl,r5
      000249 8E 83            [24] 1136 	mov	dph,r6
      00024B 8F F0            [24] 1137 	mov	b,r7
      00024D E4               [12] 1138 	clr	a
      00024E 12r00r00         [24] 1139 	lcall	__gptrput
      000251 A3               [24] 1140 	inc	dptr
      000252 12r00r00         [24] 1141 	lcall	__gptrput
                                   1142 ;	src/terminal.c:72: for(uint8_t i = 0; i<numChars;i++){
      000255 90r00r0C         [24] 1143 	mov	dptr,#_getInputOfSize_PARM_2
      000258 E0               [24] 1144 	movx	a,@dptr
      000259 FF               [12] 1145 	mov	r7,a
      00025A 7E 00            [12] 1146 	mov	r6,#0x00
      00025C                       1147 00110$:
      00025C C3               [12] 1148 	clr	c
      00025D EE               [12] 1149 	mov	a,r6
      00025E 9F               [12] 1150 	subb	a,r7
      00025F 40 03            [24] 1151 	jc	00144$
      000261 02r03r16         [24] 1152 	ljmp	00108$
      000264                       1153 00144$:
                                   1154 ;	src/terminal.c:73: inChar = getchar();
      000264 C0 07            [24] 1155 	push	ar7
      000266 C0 06            [24] 1156 	push	ar6
      000268 12r00r00         [24] 1157 	lcall	_getchar
      00026B AC 82            [24] 1158 	mov	r4, dpl
      00026D D0 06            [24] 1159 	pop	ar6
      00026F D0 07            [24] 1160 	pop	ar7
                                   1161 ;	src/terminal.c:74: if(i!=0 && (inChar=='\r' || inChar=='\n')){
      000271 EE               [12] 1162 	mov	a,r6
      000272 60 0C            [24] 1163 	jz	00102$
      000274 BC 0D 02         [24] 1164 	cjne	r4,#0x0d,00146$
      000277 80 03            [24] 1165 	sjmp	00101$
      000279                       1166 00146$:
      000279 BC 0A 04         [24] 1167 	cjne	r4,#0x0a,00102$
      00027C                       1168 00101$:
                                   1169 ;	src/terminal.c:75: return 0;
      00027C 75 82 00         [24] 1170 	mov	dpl, #0x00
      00027F 22               [24] 1171 	ret
      000280                       1172 00102$:
                                   1173 ;	src/terminal.c:77: putchar(inChar);               // print the charcter the user typed in
      000280 8C 03            [24] 1174 	mov	ar3,r4
      000282 7D 00            [12] 1175 	mov	r5,#0x00
      000284 8B 82            [24] 1176 	mov	dpl, r3
      000286 8D 83            [24] 1177 	mov	dph, r5
      000288 C0 07            [24] 1178 	push	ar7
      00028A C0 06            [24] 1179 	push	ar6
      00028C C0 05            [24] 1180 	push	ar5
      00028E C0 04            [24] 1181 	push	ar4
      000290 C0 03            [24] 1182 	push	ar3
      000292 12r00r00         [24] 1183 	lcall	_putchar
      000295 D0 03            [24] 1184 	pop	ar3
      000297 D0 04            [24] 1185 	pop	ar4
      000299 D0 05            [24] 1186 	pop	ar5
      00029B D0 06            [24] 1187 	pop	ar6
      00029D D0 07            [24] 1188 	pop	ar7
                                   1189 ;	src/terminal.c:78: if (inChar < '0' || inChar > '9')
      00029F BC 30 00         [24] 1190 	cjne	r4,#0x30,00149$
      0002A2                       1191 00149$:
      0002A2 40 05            [24] 1192 	jc	00105$
      0002A4 EC               [12] 1193 	mov	a,r4
      0002A5 24 C6            [12] 1194 	add	a,#0xff - 0x39
      0002A7 50 04            [24] 1195 	jnc	00106$
      0002A9                       1196 00105$:
                                   1197 ;	src/terminal.c:79: return -1;             // Check if the current character is a digit
      0002A9 75 82 FF         [24] 1198 	mov	dpl, #0xff
      0002AC 22               [24] 1199 	ret
      0002AD                       1200 00106$:
                                   1201 ;	src/terminal.c:80: *input = 10 * *input + (inChar - '0'); // add digit to 10s place
      0002AD C0 07            [24] 1202 	push	ar7
      0002AF 90r00r0D         [24] 1203 	mov	dptr,#_getInputOfSize_input_10000_160
      0002B2 E0               [24] 1204 	movx	a,@dptr
      0002B3 F9               [12] 1205 	mov	r1,a
      0002B4 A3               [24] 1206 	inc	dptr
      0002B5 E0               [24] 1207 	movx	a,@dptr
      0002B6 FA               [12] 1208 	mov	r2,a
      0002B7 A3               [24] 1209 	inc	dptr
      0002B8 E0               [24] 1210 	movx	a,@dptr
      0002B9 FC               [12] 1211 	mov	r4,a
      0002BA 89 82            [24] 1212 	mov	dpl,r1
      0002BC 8A 83            [24] 1213 	mov	dph,r2
      0002BE 8C F0            [24] 1214 	mov	b,r4
      0002C0 12r00r00         [24] 1215 	lcall	__gptrget
      0002C3 F8               [12] 1216 	mov	r0,a
      0002C4 A3               [24] 1217 	inc	dptr
      0002C5 12r00r00         [24] 1218 	lcall	__gptrget
      0002C8 FF               [12] 1219 	mov	r7,a
      0002C9 90r00r00         [24] 1220 	mov	dptr,#__mulint_PARM_2
      0002CC E8               [12] 1221 	mov	a,r0
      0002CD F0               [24] 1222 	movx	@dptr,a
      0002CE EF               [12] 1223 	mov	a,r7
      0002CF A3               [24] 1224 	inc	dptr
      0002D0 F0               [24] 1225 	movx	@dptr,a
      0002D1 90 00 0A         [24] 1226 	mov	dptr,#0x000a
      0002D4 C0 06            [24] 1227 	push	ar6
      0002D6 C0 05            [24] 1228 	push	ar5
      0002D8 C0 04            [24] 1229 	push	ar4
      0002DA C0 03            [24] 1230 	push	ar3
      0002DC C0 02            [24] 1231 	push	ar2
      0002DE C0 01            [24] 1232 	push	ar1
      0002E0 12r00r00         [24] 1233 	lcall	__mulint
      0002E3 A8 82            [24] 1234 	mov	r0, dpl
      0002E5 AF 83            [24] 1235 	mov	r7, dph
      0002E7 D0 01            [24] 1236 	pop	ar1
      0002E9 D0 02            [24] 1237 	pop	ar2
      0002EB D0 03            [24] 1238 	pop	ar3
      0002ED D0 04            [24] 1239 	pop	ar4
      0002EF D0 05            [24] 1240 	pop	ar5
      0002F1 D0 06            [24] 1241 	pop	ar6
      0002F3 EB               [12] 1242 	mov	a,r3
      0002F4 24 D0            [12] 1243 	add	a,#0xd0
      0002F6 FB               [12] 1244 	mov	r3,a
      0002F7 ED               [12] 1245 	mov	a,r5
      0002F8 34 FF            [12] 1246 	addc	a,#0xff
      0002FA FD               [12] 1247 	mov	r5,a
      0002FB EB               [12] 1248 	mov	a,r3
      0002FC 28               [12] 1249 	add	a, r0
      0002FD F8               [12] 1250 	mov	r0,a
      0002FE ED               [12] 1251 	mov	a,r5
      0002FF 3F               [12] 1252 	addc	a, r7
      000300 FF               [12] 1253 	mov	r7,a
      000301 89 82            [24] 1254 	mov	dpl,r1
      000303 8A 83            [24] 1255 	mov	dph,r2
      000305 8C F0            [24] 1256 	mov	b,r4
      000307 E8               [12] 1257 	mov	a,r0
      000308 12r00r00         [24] 1258 	lcall	__gptrput
      00030B A3               [24] 1259 	inc	dptr
      00030C EF               [12] 1260 	mov	a,r7
      00030D 12r00r00         [24] 1261 	lcall	__gptrput
                                   1262 ;	src/terminal.c:72: for(uint8_t i = 0; i<numChars;i++){
      000310 0E               [12] 1263 	inc	r6
      000311 D0 07            [24] 1264 	pop	ar7
      000313 02r02r5C         [24] 1265 	ljmp	00110$
      000316                       1266 00108$:
                                   1267 ;	src/terminal.c:82: return 0;
      000316 75 82 00         [24] 1268 	mov	dpl, #0x00
                                   1269 ;	src/terminal.c:83: }
      000319 22               [24] 1270 	ret
                                   1271 ;------------------------------------------------------------
                                   1272 ;Allocation info for local variables in function 'getInputString'
                                   1273 ;------------------------------------------------------------
                                   1274 ;sloc0         Allocated with name '_getInputString_sloc0_1_0'
                                   1275 ;size          Allocated with name '_getInputString_PARM_2'
                                   1276 ;maxSize       Allocated with name '_getInputString_PARM_3'
                                   1277 ;string        Allocated with name '_getInputString_string_10000_165'
                                   1278 ;inChar        Allocated with name '_getInputString_inChar_10000_166'
                                   1279 ;currentSize   Allocated with name '_getInputString_currentSize_10001_167'
                                   1280 ;------------------------------------------------------------
                                   1281 ;	src/terminal.c:85: void getInputString(char *string, uint16_t *size, uint8_t maxSize){
                                   1282 ;	-----------------------------------------
                                   1283 ;	 function getInputString
                                   1284 ;	-----------------------------------------
      00031A                       1285 _getInputString:
      00031A AF F0            [24] 1286 	mov	r7,b
      00031C AE 83            [24] 1287 	mov	r6,dph
      00031E E5 82            [12] 1288 	mov	a,dpl
      000320 90r00r14         [24] 1289 	mov	dptr,#_getInputString_string_10000_165
      000323 F0               [24] 1290 	movx	@dptr,a
      000324 EE               [12] 1291 	mov	a,r6
      000325 A3               [24] 1292 	inc	dptr
      000326 F0               [24] 1293 	movx	@dptr,a
      000327 EF               [12] 1294 	mov	a,r7
      000328 A3               [24] 1295 	inc	dptr
      000329 F0               [24] 1296 	movx	@dptr,a
                                   1297 ;	src/terminal.c:87: getandputcharUpdate(&inChar);
      00032A 90r00r17         [24] 1298 	mov	dptr,#_getInputString_inChar_10000_166
      00032D 75 F0 00         [24] 1299 	mov	b, #0x00
      000330 12r03rAB         [24] 1300 	lcall	_getandputcharUpdate
                                   1301 ;	src/terminal.c:90: while(!(inChar=='\r' || inChar=='\n')){
      000333 90r00r14         [24] 1302 	mov	dptr,#_getInputString_string_10000_165
      000336 E0               [24] 1303 	movx	a,@dptr
      000337 F5*00            [12] 1304 	mov	_getInputString_sloc0_1_0,a
      000339 A3               [24] 1305 	inc	dptr
      00033A E0               [24] 1306 	movx	a,@dptr
      00033B F5*01            [12] 1307 	mov	(_getInputString_sloc0_1_0 + 1),a
      00033D A3               [24] 1308 	inc	dptr
      00033E E0               [24] 1309 	movx	a,@dptr
      00033F F5*02            [12] 1310 	mov	(_getInputString_sloc0_1_0 + 2),a
      000341 7B 00            [12] 1311 	mov	r3,#0x00
      000343 7C 00            [12] 1312 	mov	r4,#0x00
      000345                       1313 00104$:
      000345 90r00r17         [24] 1314 	mov	dptr,#_getInputString_inChar_10000_166
      000348 E0               [24] 1315 	movx	a,@dptr
      000349 FA               [12] 1316 	mov	r2,a
      00034A BA 0D 02         [24] 1317 	cjne	r2,#0x0d,00134$
      00034D 80 42            [24] 1318 	sjmp	00106$
      00034F                       1319 00134$:
      00034F BA 0A 02         [24] 1320 	cjne	r2,#0x0a,00135$
      000352 80 3D            [24] 1321 	sjmp	00106$
      000354                       1322 00135$:
                                   1323 ;	src/terminal.c:91: string[currentSize] = inChar;
      000354 EB               [12] 1324 	mov	a,r3
      000355 25*00            [12] 1325 	add	a, _getInputString_sloc0_1_0
      000357 F8               [12] 1326 	mov	r0,a
      000358 EC               [12] 1327 	mov	a,r4
      000359 35*01            [12] 1328 	addc	a, (_getInputString_sloc0_1_0 + 1)
      00035B F9               [12] 1329 	mov	r1,a
      00035C AF*02            [24] 1330 	mov	r7,(_getInputString_sloc0_1_0 + 2)
      00035E 88 82            [24] 1331 	mov	dpl,r0
      000360 89 83            [24] 1332 	mov	dph,r1
      000362 8F F0            [24] 1333 	mov	b,r7
      000364 EA               [12] 1334 	mov	a,r2
      000365 12r00r00         [24] 1335 	lcall	__gptrput
                                   1336 ;	src/terminal.c:92: currentSize++;
      000368 0B               [12] 1337 	inc	r3
      000369 BB 00 01         [24] 1338 	cjne	r3,#0x00,00136$
      00036C 0C               [12] 1339 	inc	r4
      00036D                       1340 00136$:
                                   1341 ;	src/terminal.c:93: if(currentSize==maxSize)
      00036D 90r00r13         [24] 1342 	mov	dptr,#_getInputString_PARM_3
      000370 E0               [24] 1343 	movx	a,@dptr
      000371 FE               [12] 1344 	mov	r6,a
      000372 7F 00            [12] 1345 	mov	r7,#0x00
      000374 EB               [12] 1346 	mov	a,r3
      000375 B5 06 06         [24] 1347 	cjne	a,ar6,00137$
      000378 EC               [12] 1348 	mov	a,r4
      000379 B5 07 02         [24] 1349 	cjne	a,ar7,00137$
      00037C 80 13            [24] 1350 	sjmp	00106$
      00037E                       1351 00137$:
                                   1352 ;	src/terminal.c:95: getandputcharUpdate(&inChar);
      00037E 90r00r17         [24] 1353 	mov	dptr,#_getInputString_inChar_10000_166
      000381 75 F0 00         [24] 1354 	mov	b, #0x00
      000384 C0 04            [24] 1355 	push	ar4
      000386 C0 03            [24] 1356 	push	ar3
      000388 12r03rAB         [24] 1357 	lcall	_getandputcharUpdate
      00038B D0 03            [24] 1358 	pop	ar3
      00038D D0 04            [24] 1359 	pop	ar4
      00038F 80 B4            [24] 1360 	sjmp	00104$
      000391                       1361 00106$:
                                   1362 ;	src/terminal.c:97: *size = currentSize;
      000391 90r00r10         [24] 1363 	mov	dptr,#_getInputString_PARM_2
      000394 E0               [24] 1364 	movx	a,@dptr
      000395 FD               [12] 1365 	mov	r5,a
      000396 A3               [24] 1366 	inc	dptr
      000397 E0               [24] 1367 	movx	a,@dptr
      000398 FE               [12] 1368 	mov	r6,a
      000399 A3               [24] 1369 	inc	dptr
      00039A E0               [24] 1370 	movx	a,@dptr
      00039B FF               [12] 1371 	mov	r7,a
      00039C 8D 82            [24] 1372 	mov	dpl,r5
      00039E 8E 83            [24] 1373 	mov	dph,r6
      0003A0 8F F0            [24] 1374 	mov	b,r7
      0003A2 EB               [12] 1375 	mov	a,r3
      0003A3 12r00r00         [24] 1376 	lcall	__gptrput
      0003A6 A3               [24] 1377 	inc	dptr
      0003A7 EC               [12] 1378 	mov	a,r4
                                   1379 ;	src/terminal.c:98: }
      0003A8 02r00r00         [24] 1380 	ljmp	__gptrput
                                   1381 ;------------------------------------------------------------
                                   1382 ;Allocation info for local variables in function 'getandputcharUpdate'
                                   1383 ;------------------------------------------------------------
                                   1384 ;inputChar     Allocated with name '_getandputcharUpdate_inputChar_10000_169'
                                   1385 ;------------------------------------------------------------
                                   1386 ;	src/terminal.c:101: void getandputcharUpdate(char *inputChar){
                                   1387 ;	-----------------------------------------
                                   1388 ;	 function getandputcharUpdate
                                   1389 ;	-----------------------------------------
      0003AB                       1390 _getandputcharUpdate:
      0003AB AF F0            [24] 1391 	mov	r7,b
      0003AD AE 83            [24] 1392 	mov	r6,dph
      0003AF E5 82            [12] 1393 	mov	a,dpl
      0003B1 90r00r18         [24] 1394 	mov	dptr,#_getandputcharUpdate_inputChar_10000_169
      0003B4 F0               [24] 1395 	movx	@dptr,a
      0003B5 EE               [12] 1396 	mov	a,r6
      0003B6 A3               [24] 1397 	inc	dptr
      0003B7 F0               [24] 1398 	movx	@dptr,a
      0003B8 EF               [12] 1399 	mov	a,r7
      0003B9 A3               [24] 1400 	inc	dptr
      0003BA F0               [24] 1401 	movx	@dptr,a
                                   1402 ;	src/terminal.c:102: while(!RI){
      0003BB                       1403 00103$:
      0003BB 20 98 0D         [24] 1404 	jb	_RI,00105$
                                   1405 ;	src/terminal.c:103: if(numTimerInterrupts>0){
      0003BE 90r00r00         [24] 1406 	mov	dptr,#_numTimerInterrupts
      0003C1 E0               [24] 1407 	movx	a,@dptr
      0003C2 60 F7            [24] 1408 	jz	00103$
                                   1409 ;	src/terminal.c:104: numTimerInterrupts=0;
      0003C4 90r00r00         [24] 1410 	mov	dptr,#_numTimerInterrupts
      0003C7 E4               [12] 1411 	clr	a
      0003C8 F0               [24] 1412 	movx	@dptr,a
      0003C9 80 F0            [24] 1413 	sjmp	00103$
      0003CB                       1414 00105$:
                                   1415 ;	src/terminal.c:107: *inputChar = getandputchar();
      0003CB 90r00r18         [24] 1416 	mov	dptr,#_getandputcharUpdate_inputChar_10000_169
      0003CE E0               [24] 1417 	movx	a,@dptr
      0003CF FD               [12] 1418 	mov	r5,a
      0003D0 A3               [24] 1419 	inc	dptr
      0003D1 E0               [24] 1420 	movx	a,@dptr
      0003D2 FE               [12] 1421 	mov	r6,a
      0003D3 A3               [24] 1422 	inc	dptr
      0003D4 E0               [24] 1423 	movx	a,@dptr
      0003D5 FF               [12] 1424 	mov	r7,a
      0003D6 C0 07            [24] 1425 	push	ar7
      0003D8 C0 06            [24] 1426 	push	ar6
      0003DA C0 05            [24] 1427 	push	ar5
      0003DC 12r00r00         [24] 1428 	lcall	_getandputchar
      0003DF AB 82            [24] 1429 	mov	r3, dpl
      0003E1 D0 05            [24] 1430 	pop	ar5
      0003E3 D0 06            [24] 1431 	pop	ar6
      0003E5 D0 07            [24] 1432 	pop	ar7
      0003E7 8D 82            [24] 1433 	mov	dpl,r5
      0003E9 8E 83            [24] 1434 	mov	dph,r6
      0003EB 8F F0            [24] 1435 	mov	b,r7
      0003ED EB               [12] 1436 	mov	a,r3
                                   1437 ;	src/terminal.c:108: }
      0003EE 02r00r00         [24] 1438 	ljmp	__gptrput
                                   1439 	.area CSEG    (CODE)
                                   1440 	.area CONST   (CODE)
                                   1441 	.area CONST   (CODE)
      000000                       1442 ___str_0:
      000000 20 2D 2D 2D 2D 2D 2D  1443 	.ascii " ------- Welcome to TAS's final project, an monitor for Wind"
             2D 20 57 65 6C 63 6F
             6D 65 20 74 6F 20 54
             41 53 27 73 20 66 69
             6E 61 6C 20 70 72 6F
             6A 65 63 74 2C 20 61
             6E 20 6D 6F 6E 69 74
             6F 72 20 66 6F 72 20
             57 69 6E 64
      00003C 6F 77 73 20 2D 2D 2D  1444 	.ascii "ows ------- "
             2D 2D 2D 2D 20
      000048 0A                    1445 	.db 0x0a
      000049 0D                    1446 	.db 0x0d
      00004A 00                    1447 	.db 0x00
                                   1448 	.area CSEG    (CODE)
                                   1449 	.area CONST   (CODE)
      00004B                       1450 ___str_1:
      00004B 09                    1451 	.db 0x09
      00004C 20 20 50 6C 65 61 73  1452 	.ascii "  Pleas input ? for a list of commands"
             20 69 6E 70 75 74 20
             3F 20 66 6F 72 20 61
             20 6C 69 73 74 20 6F
             66 20 63 6F 6D 6D 61
             6E 64 73
      000072 0A                    1453 	.db 0x0a
      000073 0D                    1454 	.db 0x0d
      000074 0A                    1455 	.db 0x0a
      000075 0D                    1456 	.db 0x0d
      000076 00                    1457 	.db 0x00
                                   1458 	.area CSEG    (CODE)
                                   1459 	.area CONST   (CODE)
      000077                       1460 ___str_2:
      000077 0A                    1461 	.db 0x0a
      000078 0D                    1462 	.db 0x0d
      000079 3E 3E 20              1463 	.ascii ">> "
      00007C 00                    1464 	.db 0x00
                                   1465 	.area CSEG    (CODE)
                                   1466 	.area CONST   (CODE)
      00007D                       1467 ___str_3:
      00007D 0A                    1468 	.db 0x0a
      00007E 0D                    1469 	.db 0x0d
      00007F 20 2D 2D 2D 20 43 4F  1470 	.ascii " --- COMMAND HELP MENU --- "
             4D 4D 41 4E 44 20 48
             45 4C 50 20 4D 45 4E
             55 20 2D 2D 2D 20
      00009A 0A                    1471 	.db 0x0a
      00009B 0D                    1472 	.db 0x0d
      00009C 00                    1473 	.db 0x00
                                   1474 	.area CSEG    (CODE)
                                   1475 	.area CONST   (CODE)
      00009D                       1476 ___str_4:
      00009D 3F 20 2D 2D 20 54 68  1477 	.ascii "? -- This help menu, shows valid commands."
             69 73 20 68 65 6C 70
             20 6D 65 6E 75 2C 20
             73 68 6F 77 73 20 76
             61 6C 69 64 20 63 6F
             6D 6D 61 6E 64 73 2E
      0000C7 0A                    1478 	.db 0x0a
      0000C8 0D                    1479 	.db 0x0d
      0000C9 00                    1480 	.db 0x00
                                   1481 	.area CSEG    (CODE)
                                   1482 	.area CONST   (CODE)
      0000CA                       1483 ___str_5:
      0000CA 70 20 2D 2D 20 70 61  1484 	.ascii "p -- pauses the LCD."
             75 73 65 73 20 74 68
             65 20 4C 43 44 2E
      0000DE 0A                    1485 	.db 0x0a
      0000DF 0D                    1486 	.db 0x0d
      0000E0 00                    1487 	.db 0x00
                                   1488 	.area CSEG    (CODE)
                                   1489 	.area CONST   (CODE)
      0000E1                       1490 ___str_6:
      0000E1 72 20 2D 2D 20 72 65  1491 	.ascii "r -- resumes the LCD"
             73 75 6D 65 73 20 74
             68 65 20 4C 43 44
      0000F5 0A                    1492 	.db 0x0a
      0000F6 0D                    1493 	.db 0x0d
      0000F7 00                    1494 	.db 0x00
                                   1495 	.area CSEG    (CODE)
                                   1496 	.area CONST   (CODE)
      0000F8                       1497 ___str_7:
      0000F8 72 65 73 65 74 20 2D  1498 	.ascii "reset -- restarts the program."
             2D 20 72 65 73 74 61
             72 74 73 20 74 68 65
             20 70 72 6F 67 72 61
             6D 2E
      000116 0A                    1499 	.db 0x0a
      000117 0D                    1500 	.db 0x0d
      000118 00                    1501 	.db 0x00
                                   1502 	.area CSEG    (CODE)
                                   1503 	.area CONST   (CODE)
      000119                       1504 ___str_8:
      000119 0A                    1505 	.db 0x0a
      00011A 0D                    1506 	.db 0x0d
      00011B 54 69 6D 65 72 20 73  1507 	.ascii "Timer stopped."
             74 6F 70 70 65 64 2E
      000129 0A                    1508 	.db 0x0a
      00012A 0D                    1509 	.db 0x0d
      00012B 00                    1510 	.db 0x00
                                   1511 	.area CSEG    (CODE)
                                   1512 	.area CONST   (CODE)
      00012C                       1513 ___str_9:
      00012C 0A                    1514 	.db 0x0a
      00012D 0D                    1515 	.db 0x0d
      00012E 54 69 6D 65 72 20 72  1516 	.ascii "Timer resumed."
             65 73 75 6D 65 64 2E
      00013C 0A                    1517 	.db 0x0a
      00013D 0D                    1518 	.db 0x0d
      00013E 00                    1519 	.db 0x00
                                   1520 	.area CSEG    (CODE)
                                   1521 	.area CONST   (CODE)
      00013F                       1522 ___str_10:
      00013F 0A                    1523 	.db 0x0a
      000140 0D                    1524 	.db 0x0d
      000141 54 69 6D 65 72 20 72  1525 	.ascii "Timer reset"
             65 73 65 74
      00014C 0A                    1526 	.db 0x0a
      00014D 0D                    1527 	.db 0x0d
      00014E 00                    1528 	.db 0x00
                                   1529 	.area CSEG    (CODE)
                                   1530 	.area XINIT   (CODE)
      000000                       1531 __xinit__currentClockMode:
      000000 01                    1532 	.db #0x01	; 1
                                   1533 	.area CABS    (ABS,CODE)
